./main
Digite 0 para utilizar a matriz definida pelas equacoes de I ou qualquer outro numero para digitar a matriz manualmente:
Dimensao da matriz: Digite 0 para exibir a matriz ou qualquer outro numero para continuar: Digite 0 para utilizar o vetor b definido pela soma das linhas de A ou qualquer outro numero para digitar a matriz manualmente:
Constante real: Numero maximo de iteracoes: 
Numero de iteracoes: 1000
0.999981
0.999972
0.999965
0.999954
0.999945
0.999936
0.999927
0.999919
0.999911
0.999903
0.999896
0.999889
0.999883
0.999877
0.999871
0.999867
0.999862
0.999858
0.999855
0.999852
0.999850
0.999848
0.999847
0.999847
0.999847
0.999847
0.999848
0.999850
0.999852
0.999855
0.999858
0.999862
0.999866
0.999870
0.999875
0.999881
0.999887
0.999893
0.999900
0.999906
0.999914
0.999921
0.999929
0.999936
0.999945
0.999952
0.999961
0.999970
0.999977
0.999984
Erro = 0.000003
