./main
Digite 0 para utilizar a matriz definida pelas equacoes de I ou qualquer outro numero para digitar a matriz manualmente:
Dimensao da matriz: Digite 0 para exibir a matriz ou qualquer outro numero para continuar: Digite 0 para utilizar o vetor b definido pela soma das linhas de A ou qualquer outro numero para digitar a matriz manualmente:
Elementos do vetor b:
Constante real: Numero maximo de iteracoes: 
Numero de iteracoes: 1000
0.554588
0.909586
1.058618
1.309170
1.525639
1.682996
1.848557
2.001629
2.133431
2.258609
2.375023
2.480614
2.578760
2.669766
2.753440
2.830754
2.902131
2.967768
3.028087
3.083398
3.133933
3.179951
3.221679
3.259314
3.293044
3.323044
3.349472
3.372476
3.392195
3.408757
3.422281
3.432881
3.440661
3.445721
3.448154
3.448048
3.445486
3.440546
3.433302
3.423825
3.412181
3.398433
3.382640
3.364861
3.345148
3.323554
3.300126
3.274912
3.247956
3.219300
3.188984
3.157046
3.123523
3.088449
3.051856
3.013778
2.974243
2.933280
2.890916
2.847177
2.802086
2.755669
2.707946
2.658939
2.608667
2.557150
2.504405
2.450450
2.395299
2.338969
2.281474
2.222826
2.163040
2.102126
2.040096
1.976961
1.912730
1.847413
1.781016
1.713551
1.645024
1.575437
1.504803
1.433134
1.360405
1.286649
1.211916
1.136062
1.059176
0.981566
0.902532
0.822241
0.742484
0.660125
0.574660
0.495911
0.410746
0.310295
0.245707
0.166613
Erro = 0.000493
